<?xml version="1.0" encoding="UTF-8"?>
<!-- Generated by org.testng.reporters.JUnitXMLReporter -->
<testsuite hostname="DESKTOP-084DVI0" ignored="0" name="TestNgMavenTest" tests="2" failures="2" timestamp="23 Jun 2020 12:59:19 GMT" time="9.061" errors="0">
  <testcase name="TC_002" time="8.976" classname="com.SSP_Web_POM_TestScripts.TC_02">
    <failure type="org.openqa.selenium.SessionNotCreatedException" message="session not created: This version of ChromeDriver only supports Chrome version 80
Build info: version: &amp;apos;3.9.1&amp;apos;, revision: &amp;apos;63f7b50&amp;apos;, time: &amp;apos;2018-02-07T22:25:02.294Z&amp;apos;
System info: host: &amp;apos;DESKTOP-084DVI0&amp;apos;, ip: &amp;apos;192.168.1.206&amp;apos;, os.name: &amp;apos;Windows 10&amp;apos;, os.arch: &amp;apos;amd64&amp;apos;, os.version: &amp;apos;10.0&amp;apos;, java.version: &amp;apos;1.8.0_231&amp;apos;
Driver info: driver.version: ChromeDriver
remote stacktrace: Backtrace:
	Ordinal0 [0x00FF0C83+1707139]
	Ordinal0 [0x00F568F1+1075441]
	Ordinal0 [0x00ECDFC9+516041]
	Ordinal0 [0x00E60554+66900]
	Ordinal0 [0x00E5CCE2+52450]
	Ordinal0 [0x00E7BFD7+180183]
	Ordinal0 [0x00E7BDDD+179677]
	Ordinal0 [0x00E79D4B+171339]
	Ordinal0 [0x00E61D4A+73034]
	Ordinal0 [0x00E62DC0+77248]
	Ordinal0 [0x00E62D59+77145]
	Ordinal0 [0x00F6BB67+1162087]
	GetHandleVerifier [0x0108A966+508998]
	GetHandleVerifier [0x0108A6A4+508292]
	GetHandleVerifier [0x0109F7B7+594583]
	GetHandleVerifier [0x0108B1D6+511158]
	Ordinal0 [0x00F6402C+1130540]
	Ordinal0 [0x00F6D4CB+1168587]
	Ordinal0 [0x00F6D633+1168947]
	Ordinal0 [0x00F85B35+1268533]
	BaseThreadInitThunk [0x76766359+25]
	RtlGetAppContainerNamedObjectPath [0x77A37C24+228]
	RtlGetAppContainerNamedObjectPath [0x77A37BF4+180]
">
      <![CDATA[org.openqa.selenium.SessionNotCreatedException: session not created: This version of ChromeDriver only supports Chrome version 80
Build info: version: '3.9.1', revision: '63f7b50', time: '2018-02-07T22:25:02.294Z'
System info: host: 'DESKTOP-084DVI0', ip: '192.168.1.206', os.name: 'Windows 10', os.arch: 'amd64', os.version: '10.0', java.version: '1.8.0_231'
Driver info: driver.version: ChromeDriver
remote stacktrace: Backtrace:
Ordinal0 [0x00FF0C83+1707139]
Ordinal0 [0x00F568F1+1075441]
Ordinal0 [0x00ECDFC9+516041]
Ordinal0 [0x00E60554+66900]
Ordinal0 [0x00E5CCE2+52450]
Ordinal0 [0x00E7BFD7+180183]
Ordinal0 [0x00E7BDDD+179677]
Ordinal0 [0x00E79D4B+171339]
Ordinal0 [0x00E61D4A+73034]
Ordinal0 [0x00E62DC0+77248]
Ordinal0 [0x00E62D59+77145]
Ordinal0 [0x00F6BB67+1162087]
GetHandleVerifier [0x0108A966+508998]
GetHandleVerifier [0x0108A6A4+508292]
GetHandleVerifier [0x0109F7B7+594583]
GetHandleVerifier [0x0108B1D6+511158]
Ordinal0 [0x00F6402C+1130540]
Ordinal0 [0x00F6D4CB+1168587]
Ordinal0 [0x00F6D633+1168947]
Ordinal0 [0x00F85B35+1268533]
BaseThreadInitThunk [0x76766359+25]
RtlGetAppContainerNamedObjectPath [0x77A37C24+228]
RtlGetAppContainerNamedObjectPath [0x77A37BF4+180]

at org.openqa.selenium.remote.W3CHandshakeResponse.lambda$new$0(W3CHandshakeResponse.java:57)
at org.openqa.selenium.remote.W3CHandshakeResponse.lambda$getResponseFunction$2(W3CHandshakeResponse.java:104)
at org.openqa.selenium.remote.ProtocolHandshake.lambda$createSession$0(ProtocolHandshake.java:123)
at java.util.stream.ReferencePipeline$3$1.accept(Unknown Source)
at java.util.Spliterators$ArraySpliterator.tryAdvance(Unknown Source)
at java.util.stream.ReferencePipeline.forEachWithCancel(Unknown Source)
at java.util.stream.AbstractPipeline.copyIntoWithCancel(Unknown Source)
at java.util.stream.AbstractPipeline.copyInto(Unknown Source)
at java.util.stream.AbstractPipeline.wrapAndCopyInto(Unknown Source)
at java.util.stream.FindOps$FindOp.evaluateSequential(Unknown Source)
at java.util.stream.AbstractPipeline.evaluate(Unknown Source)
at java.util.stream.ReferencePipeline.findFirst(Unknown Source)
at org.openqa.selenium.remote.ProtocolHandshake.createSession(ProtocolHandshake.java:126)
at org.openqa.selenium.remote.ProtocolHandshake.createSession(ProtocolHandshake.java:73)
at org.openqa.selenium.remote.HttpCommandExecutor.execute(HttpCommandExecutor.java:138)
at org.openqa.selenium.remote.service.DriverCommandExecutor.execute(DriverCommandExecutor.java:83)
at org.openqa.selenium.remote.RemoteWebDriver.execute(RemoteWebDriver.java:601)
at org.openqa.selenium.remote.RemoteWebDriver.startSession(RemoteWebDriver.java:219)
at org.openqa.selenium.remote.RemoteWebDriver.<init>(RemoteWebDriver.java:142)
at org.openqa.selenium.chrome.ChromeDriver.<init>(ChromeDriver.java:181)
at org.openqa.selenium.chrome.ChromeDriver.<init>(ChromeDriver.java:168)
at org.openqa.selenium.chrome.ChromeDriver.<init>(ChromeDriver.java:123)
at com.SSP_Web_POM_Utility.BaseClass.openBrowser(BaseClass.java:23)
at com.SSP_Web_POM_TestScripts.TC_02.TC_002(TC_02.java:11)
at java.util.concurrent.ThreadPoolExecutor.runWorker(Unknown Source)
at java.util.concurrent.ThreadPoolExecutor$Worker.run(Unknown Source)
at java.lang.Thread.run(Unknown Source)
... Removed 14 stack frames]]>
    </failure>
  </testcase> <!-- TC_002 -->
  <testcase name="Tc_001" time="8.976" classname="com.SSP_Web_POM_TestScripts.TC_01">
    <failure type="org.openqa.selenium.SessionNotCreatedException" message="session not created: This version of ChromeDriver only supports Chrome version 80
Build info: version: &amp;apos;3.9.1&amp;apos;, revision: &amp;apos;63f7b50&amp;apos;, time: &amp;apos;2018-02-07T22:25:02.294Z&amp;apos;
System info: host: &amp;apos;DESKTOP-084DVI0&amp;apos;, ip: &amp;apos;192.168.1.206&amp;apos;, os.name: &amp;apos;Windows 10&amp;apos;, os.arch: &amp;apos;amd64&amp;apos;, os.version: &amp;apos;10.0&amp;apos;, java.version: &amp;apos;1.8.0_231&amp;apos;
Driver info: driver.version: ChromeDriver
remote stacktrace: Backtrace:
	Ordinal0 [0x00FF0C83+1707139]
	Ordinal0 [0x00F568F1+1075441]
	Ordinal0 [0x00ECDFC9+516041]
	Ordinal0 [0x00E60554+66900]
	Ordinal0 [0x00E5CCE2+52450]
	Ordinal0 [0x00E7BFD7+180183]
	Ordinal0 [0x00E7BDDD+179677]
	Ordinal0 [0x00E79D4B+171339]
	Ordinal0 [0x00E61D4A+73034]
	Ordinal0 [0x00E62DC0+77248]
	Ordinal0 [0x00E62D59+77145]
	Ordinal0 [0x00F6BB67+1162087]
	GetHandleVerifier [0x0108A966+508998]
	GetHandleVerifier [0x0108A6A4+508292]
	GetHandleVerifier [0x0109F7B7+594583]
	GetHandleVerifier [0x0108B1D6+511158]
	Ordinal0 [0x00F6402C+1130540]
	Ordinal0 [0x00F6D4CB+1168587]
	Ordinal0 [0x00F6D633+1168947]
	Ordinal0 [0x00F85B35+1268533]
	BaseThreadInitThunk [0x76766359+25]
	RtlGetAppContainerNamedObjectPath [0x77A37C24+228]
	RtlGetAppContainerNamedObjectPath [0x77A37BF4+180]
">
      <![CDATA[org.openqa.selenium.SessionNotCreatedException: session not created: This version of ChromeDriver only supports Chrome version 80
Build info: version: '3.9.1', revision: '63f7b50', time: '2018-02-07T22:25:02.294Z'
System info: host: 'DESKTOP-084DVI0', ip: '192.168.1.206', os.name: 'Windows 10', os.arch: 'amd64', os.version: '10.0', java.version: '1.8.0_231'
Driver info: driver.version: ChromeDriver
remote stacktrace: Backtrace:
Ordinal0 [0x00FF0C83+1707139]
Ordinal0 [0x00F568F1+1075441]
Ordinal0 [0x00ECDFC9+516041]
Ordinal0 [0x00E60554+66900]
Ordinal0 [0x00E5CCE2+52450]
Ordinal0 [0x00E7BFD7+180183]
Ordinal0 [0x00E7BDDD+179677]
Ordinal0 [0x00E79D4B+171339]
Ordinal0 [0x00E61D4A+73034]
Ordinal0 [0x00E62DC0+77248]
Ordinal0 [0x00E62D59+77145]
Ordinal0 [0x00F6BB67+1162087]
GetHandleVerifier [0x0108A966+508998]
GetHandleVerifier [0x0108A6A4+508292]
GetHandleVerifier [0x0109F7B7+594583]
GetHandleVerifier [0x0108B1D6+511158]
Ordinal0 [0x00F6402C+1130540]
Ordinal0 [0x00F6D4CB+1168587]
Ordinal0 [0x00F6D633+1168947]
Ordinal0 [0x00F85B35+1268533]
BaseThreadInitThunk [0x76766359+25]
RtlGetAppContainerNamedObjectPath [0x77A37C24+228]
RtlGetAppContainerNamedObjectPath [0x77A37BF4+180]

at org.openqa.selenium.remote.W3CHandshakeResponse.lambda$new$0(W3CHandshakeResponse.java:57)
at org.openqa.selenium.remote.W3CHandshakeResponse.lambda$getResponseFunction$2(W3CHandshakeResponse.java:104)
at org.openqa.selenium.remote.ProtocolHandshake.lambda$createSession$0(ProtocolHandshake.java:123)
at java.util.stream.ReferencePipeline$3$1.accept(Unknown Source)
at java.util.Spliterators$ArraySpliterator.tryAdvance(Unknown Source)
at java.util.stream.ReferencePipeline.forEachWithCancel(Unknown Source)
at java.util.stream.AbstractPipeline.copyIntoWithCancel(Unknown Source)
at java.util.stream.AbstractPipeline.copyInto(Unknown Source)
at java.util.stream.AbstractPipeline.wrapAndCopyInto(Unknown Source)
at java.util.stream.FindOps$FindOp.evaluateSequential(Unknown Source)
at java.util.stream.AbstractPipeline.evaluate(Unknown Source)
at java.util.stream.ReferencePipeline.findFirst(Unknown Source)
at org.openqa.selenium.remote.ProtocolHandshake.createSession(ProtocolHandshake.java:126)
at org.openqa.selenium.remote.ProtocolHandshake.createSession(ProtocolHandshake.java:73)
at org.openqa.selenium.remote.HttpCommandExecutor.execute(HttpCommandExecutor.java:138)
at org.openqa.selenium.remote.service.DriverCommandExecutor.execute(DriverCommandExecutor.java:83)
at org.openqa.selenium.remote.RemoteWebDriver.execute(RemoteWebDriver.java:601)
at org.openqa.selenium.remote.RemoteWebDriver.startSession(RemoteWebDriver.java:219)
at org.openqa.selenium.remote.RemoteWebDriver.<init>(RemoteWebDriver.java:142)
at org.openqa.selenium.chrome.ChromeDriver.<init>(ChromeDriver.java:181)
at org.openqa.selenium.chrome.ChromeDriver.<init>(ChromeDriver.java:168)
at org.openqa.selenium.chrome.ChromeDriver.<init>(ChromeDriver.java:123)
at com.SSP_Web_POM_Utility.BaseClass.openBrowser(BaseClass.java:23)
at com.SSP_Web_POM_TestScripts.TC_01.Tc_001(TC_01.java:17)
at java.util.concurrent.ThreadPoolExecutor.runWorker(Unknown Source)
at java.util.concurrent.ThreadPoolExecutor$Worker.run(Unknown Source)
at java.lang.Thread.run(Unknown Source)
... Removed 14 stack frames]]>
    </failure>
  </testcase> <!-- Tc_001 -->
</testsuite> <!-- TestNgMavenTest -->
